Vivado Simulator 2016.2
Time resolution is 1 ps
Note: here
Time: 10 ns  Iteration: 1  Process: /reg_sim/UUT/line__44  File: C:/Users/kilvl/Vivado/CPE233/register_file/register_file.srcs/sources_1/new/register_file.vhd
Note: here
Time: 30 ns  Iteration: 1  Process: /reg_sim/UUT/line__44  File: C:/Users/kilvl/Vivado/CPE233/register_file/register_file.srcs/sources_1/new/register_file.vhd
Note: here
Time: 50 ns  Iteration: 1  Process: /reg_sim/UUT/line__44  File: C:/Users/kilvl/Vivado/CPE233/register_file/register_file.srcs/sources_1/new/register_file.vhd
Note: here
Time: 70 ns  Iteration: 1  Process: /reg_sim/UUT/line__44  File: C:/Users/kilvl/Vivado/CPE233/register_file/register_file.srcs/sources_1/new/register_file.vhd
Note: here
Time: 90 ns  Iteration: 1  Process: /reg_sim/UUT/line__44  File: C:/Users/kilvl/Vivado/CPE233/register_file/register_file.srcs/sources_1/new/register_file.vhd
Note: here
Time: 110 ns  Iteration: 1  Process: /reg_sim/UUT/line__44  File: C:/Users/kilvl/Vivado/CPE233/register_file/register_file.srcs/sources_1/new/register_file.vhd
Note: here
Time: 130 ns  Iteration: 1  Process: /reg_sim/UUT/line__44  File: C:/Users/kilvl/Vivado/CPE233/register_file/register_file.srcs/sources_1/new/register_file.vhd
Note: here
Time: 150 ns  Iteration: 1  Process: /reg_sim/UUT/line__44  File: C:/Users/kilvl/Vivado/CPE233/register_file/register_file.srcs/sources_1/new/register_file.vhd
Note: here
Time: 170 ns  Iteration: 1  Process: /reg_sim/UUT/line__44  File: C:/Users/kilvl/Vivado/CPE233/register_file/register_file.srcs/sources_1/new/register_file.vhd
Note: here
Time: 190 ns  Iteration: 1  Process: /reg_sim/UUT/line__44  File: C:/Users/kilvl/Vivado/CPE233/register_file/register_file.srcs/sources_1/new/register_file.vhd
Note: here
Time: 210 ns  Iteration: 1  Process: /reg_sim/UUT/line__44  File: C:/Users/kilvl/Vivado/CPE233/register_file/register_file.srcs/sources_1/new/register_file.vhd
Note: here
Time: 230 ns  Iteration: 1  Process: /reg_sim/UUT/line__44  File: C:/Users/kilvl/Vivado/CPE233/register_file/register_file.srcs/sources_1/new/register_file.vhd
Note: here
Time: 250 ns  Iteration: 1  Process: /reg_sim/UUT/line__44  File: C:/Users/kilvl/Vivado/CPE233/register_file/register_file.srcs/sources_1/new/register_file.vhd
Note: here
Time: 270 ns  Iteration: 1  Process: /reg_sim/UUT/line__44  File: C:/Users/kilvl/Vivado/CPE233/register_file/register_file.srcs/sources_1/new/register_file.vhd
Note: here
Time: 290 ns  Iteration: 1  Process: /reg_sim/UUT/line__44  File: C:/Users/kilvl/Vivado/CPE233/register_file/register_file.srcs/sources_1/new/register_file.vhd
Note: here
Time: 310 ns  Iteration: 1  Process: /reg_sim/UUT/line__44  File: C:/Users/kilvl/Vivado/CPE233/register_file/register_file.srcs/sources_1/new/register_file.vhd
Note: here
Time: 330 ns  Iteration: 1  Process: /reg_sim/UUT/line__44  File: C:/Users/kilvl/Vivado/CPE233/register_file/register_file.srcs/sources_1/new/register_file.vhd
Note: here
Time: 350 ns  Iteration: 1  Process: /reg_sim/UUT/line__44  File: C:/Users/kilvl/Vivado/CPE233/register_file/register_file.srcs/sources_1/new/register_file.vhd
Note: here
Time: 370 ns  Iteration: 1  Process: /reg_sim/UUT/line__44  File: C:/Users/kilvl/Vivado/CPE233/register_file/register_file.srcs/sources_1/new/register_file.vhd
Note: here
Time: 390 ns  Iteration: 1  Process: /reg_sim/UUT/line__44  File: C:/Users/kilvl/Vivado/CPE233/register_file/register_file.srcs/sources_1/new/register_file.vhd
Note: here
Time: 410 ns  Iteration: 1  Process: /reg_sim/UUT/line__44  File: C:/Users/kilvl/Vivado/CPE233/register_file/register_file.srcs/sources_1/new/register_file.vhd
Note: here
Time: 430 ns  Iteration: 1  Process: /reg_sim/UUT/line__44  File: C:/Users/kilvl/Vivado/CPE233/register_file/register_file.srcs/sources_1/new/register_file.vhd
Note: here
Time: 450 ns  Iteration: 1  Process: /reg_sim/UUT/line__44  File: C:/Users/kilvl/Vivado/CPE233/register_file/register_file.srcs/sources_1/new/register_file.vhd
Note: here
Time: 470 ns  Iteration: 1  Process: /reg_sim/UUT/line__44  File: C:/Users/kilvl/Vivado/CPE233/register_file/register_file.srcs/sources_1/new/register_file.vhd
Note: here
Time: 490 ns  Iteration: 1  Process: /reg_sim/UUT/line__44  File: C:/Users/kilvl/Vivado/CPE233/register_file/register_file.srcs/sources_1/new/register_file.vhd
Note: here
Time: 510 ns  Iteration: 1  Process: /reg_sim/UUT/line__44  File: C:/Users/kilvl/Vivado/CPE233/register_file/register_file.srcs/sources_1/new/register_file.vhd
Note: here
Time: 530 ns  Iteration: 1  Process: /reg_sim/UUT/line__44  File: C:/Users/kilvl/Vivado/CPE233/register_file/register_file.srcs/sources_1/new/register_file.vhd
Note: here
Time: 550 ns  Iteration: 1  Process: /reg_sim/UUT/line__44  File: C:/Users/kilvl/Vivado/CPE233/register_file/register_file.srcs/sources_1/new/register_file.vhd
Note: here
Time: 570 ns  Iteration: 1  Process: /reg_sim/UUT/line__44  File: C:/Users/kilvl/Vivado/CPE233/register_file/register_file.srcs/sources_1/new/register_file.vhd
Note: here
Time: 590 ns  Iteration: 1  Process: /reg_sim/UUT/line__44  File: C:/Users/kilvl/Vivado/CPE233/register_file/register_file.srcs/sources_1/new/register_file.vhd
Note: here
Time: 610 ns  Iteration: 1  Process: /reg_sim/UUT/line__44  File: C:/Users/kilvl/Vivado/CPE233/register_file/register_file.srcs/sources_1/new/register_file.vhd
Note: here
Time: 630 ns  Iteration: 1  Process: /reg_sim/UUT/line__44  File: C:/Users/kilvl/Vivado/CPE233/register_file/register_file.srcs/sources_1/new/register_file.vhd
Note: here
Time: 650 ns  Iteration: 1  Process: /reg_sim/UUT/line__44  File: C:/Users/kilvl/Vivado/CPE233/register_file/register_file.srcs/sources_1/new/register_file.vhd
Note: here
Time: 670 ns  Iteration: 1  Process: /reg_sim/UUT/line__44  File: C:/Users/kilvl/Vivado/CPE233/register_file/register_file.srcs/sources_1/new/register_file.vhd
Note: here
Time: 690 ns  Iteration: 1  Process: /reg_sim/UUT/line__44  File: C:/Users/kilvl/Vivado/CPE233/register_file/register_file.srcs/sources_1/new/register_file.vhd
Note: here
Time: 710 ns  Iteration: 1  Process: /reg_sim/UUT/line__44  File: C:/Users/kilvl/Vivado/CPE233/register_file/register_file.srcs/sources_1/new/register_file.vhd
Note: here
Time: 730 ns  Iteration: 1  Process: /reg_sim/UUT/line__44  File: C:/Users/kilvl/Vivado/CPE233/register_file/register_file.srcs/sources_1/new/register_file.vhd
Note: here
Time: 750 ns  Iteration: 1  Process: /reg_sim/UUT/line__44  File: C:/Users/kilvl/Vivado/CPE233/register_file/register_file.srcs/sources_1/new/register_file.vhd
Note: here
Time: 770 ns  Iteration: 1  Process: /reg_sim/UUT/line__44  File: C:/Users/kilvl/Vivado/CPE233/register_file/register_file.srcs/sources_1/new/register_file.vhd
Note: here
Time: 790 ns  Iteration: 1  Process: /reg_sim/UUT/line__44  File: C:/Users/kilvl/Vivado/CPE233/register_file/register_file.srcs/sources_1/new/register_file.vhd
Note: here
Time: 810 ns  Iteration: 1  Process: /reg_sim/UUT/line__44  File: C:/Users/kilvl/Vivado/CPE233/register_file/register_file.srcs/sources_1/new/register_file.vhd
Note: here
Time: 830 ns  Iteration: 1  Process: /reg_sim/UUT/line__44  File: C:/Users/kilvl/Vivado/CPE233/register_file/register_file.srcs/sources_1/new/register_file.vhd
Note: here
Time: 850 ns  Iteration: 1  Process: /reg_sim/UUT/line__44  File: C:/Users/kilvl/Vivado/CPE233/register_file/register_file.srcs/sources_1/new/register_file.vhd
Note: here
Time: 870 ns  Iteration: 1  Process: /reg_sim/UUT/line__44  File: C:/Users/kilvl/Vivado/CPE233/register_file/register_file.srcs/sources_1/new/register_file.vhd
Note: here
Time: 890 ns  Iteration: 1  Process: /reg_sim/UUT/line__44  File: C:/Users/kilvl/Vivado/CPE233/register_file/register_file.srcs/sources_1/new/register_file.vhd
Note: here
Time: 910 ns  Iteration: 1  Process: /reg_sim/UUT/line__44  File: C:/Users/kilvl/Vivado/CPE233/register_file/register_file.srcs/sources_1/new/register_file.vhd
Note: here
Time: 930 ns  Iteration: 1  Process: /reg_sim/UUT/line__44  File: C:/Users/kilvl/Vivado/CPE233/register_file/register_file.srcs/sources_1/new/register_file.vhd
Note: here
Time: 950 ns  Iteration: 1  Process: /reg_sim/UUT/line__44  File: C:/Users/kilvl/Vivado/CPE233/regist