Unable to capture context for thread 8936 in process 8924, can not generate back trace
Unable to capture context for thread 3488 in process 8924, can not generate back trace
Exception at PC 0x00007FFA29807788
Exception at PC 0x00007FFA29807788
Exception at PC 0x00007FFA29807788
Exception at PC 0x00007FFA29807788
Unable to capture context for thread 9480 in process 8924, can not generate back trace
Unable to capture context for thread 10220 in process 8924, can not generate back trace
Exception at PC 0x00007FFA29807788
Unable to capture context for thread 9480 in process 8924, can not generate back trace
Unable to capture context for thread 10672 in process 8924, can not generate back trace
Exception at PC 0x00007FF9EC78BB93
Printing stacktrace...

Unable to capture context for thread 10672 in process 8924, can not generate back trace
Exception at PC 0x00007FFA29807788
Exception at PC 0x00007FFA29807788
Exception at PC 0x00007FFA29807788
Exception at PC 0x00007FFA29807788
Exception at PC 0x00007FFA29807788
Exception at PC 0x00007FFA29807788
Exception at PC 0x00007FFA29807788
Exception at PC 0x00007FFA29807788
Exception at PC 0x00007FFA29807788
Exception at PC 0x00007FFA29807788
Exception at PC 0x00007FFA29807788
Exception at PC 0x00007FFA29807788
Exception at PC 0x00007FFA29807788
[0]  [0x00007FF9EC78BB93]
[1]  [0x00007FF9EC78BB93]
[2]  [0x00007FF9EC78B4A1]
[3]  [0x00007FF9EC78B3EF]
[4]  [0x00007FF9EC7719FE]
[5]  [0x00007FF9EC770ED1]
[6]  [0x00007FF9EC770D76]
[7]  [0x00007FF9EC7179F6]
[8]  [0x00007FF9EC707AFB]
[9]  [0x00007FF9EC82E90A]
[10]  [0x00007FF9EC849F87]
[11]  [0x00007FF9EC84A05F]
[12] (BaseThreadInitThunk+0x14) [0x00007FFA2B8E8364]
[13] (RtlUserThreadStart+0x21) [0x00007FFA2C6770D1]
Done
