Unable to capture context for thread 9836 in process 744, can not generate back trace
Unable to capture context for thread 10872 in process 744, can not generate back trace
Exception at PC 0x00007FFC77817788
Unable to capture context for thread 10496 in process 744, can not generate back trace
Unable to capture context for thread 10956 in process 744, can not generate back trace
Unable to capture context for thread 8788 in process 744, can not generate back trace
Unable to capture context for thread 10496 in process 744, can not generate back trace
Exception at PC 0x00007FFC77817788
Exception at PC 0x00007FFC0B15BB93
Printing stacktrace...

Unable to capture context for thread 8344 in process 744, can not generate back trace
Exception at PC 0x00007FFC77817788
Exception at PC 0x00007FFC77817788
Exception at PC 0x00007FFC77817788
Exception at PC 0x00007FFC77817788
Exception at PC 0x00007FFC77817788
Exception at PC 0x00007FFC77817788
Exception at PC 0x00007FFC77817788
Exception at PC 0x00007FFC77817788
Exception at PC 0x00007FFC77817788
Exception at PC 0x00007FFC77817788
Exception at PC 0x00007FFC77817788
Exception at PC 0x00007FFC77817788
Exception at PC 0x00007FFC77817788
Exception at PC 0x00007FFC77817788
Exception at PC 0x00007FFC77817788
Exception at PC 0x00007FFC77817788
[0]  [0x00007FFC0B15BB93]
[1]  [0x00007FFC0B15BB93]
[2]  [0x00007FFC0B15B4A1]
[3]  [0x00007FFC0B15B3EF]
[4]  [0x00007FFC0B1419FE]
[5]  [0x00007FFC0B140ED1]
[6]  [0x00007FFC0B140D76]
[7]  [0x00007FFC0B0E79F6]
[8]  [0x00007FFC0B0D7AFB]
[9]  [0x00007FFC0B1FE90A]
[10]  [0x00007FFC0B219F87]
[11]  [0x00007FFC0B21A05F]
[12] (BaseThreadInitThunk+0x14) [0x00007FFC787F8364]
[13] (RtlUserThreadStart+0x21) [0x00007FFC7AFF70D1]
Done
