INFO: [VRFC 10-163] Analyzing VHDL file "C:/Users/kilvl/Vivado/CPE233/MCU_top/MCU_top.srcs/sources_1/imports/RAT Assembler/prog_rom.vhd" into library xil_defaultlib
INFO: [VRFC 10-307] analyzing entity prog_rom
INFO: [VRFC 10-163] Analyzing VHDL file "C:/Users/kilvl/Vivado/CPE233/MCU_top/MCU_top.srcs/sources_1/imports/CPE233/PC.vhd" into library xil_defaultlib
INFO: [VRFC 10-307] analyzing entity PC
INFO: [VRFC 10-163] Analyzing VHDL file "C:/Users/kilvl/Vivado/CPE233/MCU_top/MCU_top.srcs/sources_1/imports/new/MUX.vhd" into library xil_defaultlib
INFO: [VRFC 10-307] analyzing entity MUX
INFO: [VRFC 10-163] Analyzing VHDL file "C:/Users/kilvl/Vivado/CPE233/MCU_top/MCU_top.srcs/sources_1/imports/new/register_file.vhd" into library xil_defaultlib
INFO: [VRFC 10-307] analyzing entity register_file
INFO: [VRFC 10-163] Analyzing VHDL file "C:/Users/kilvl/Vivado/CPE233/MCU_top/MCU_top.srcs/sources_1/imports/new/Program_counter_top.vhd" into library xil_defaultlib
INFO: [VRFC 10-307] analyzing entity Program_counter_top
INFO: [VRFC 10-163] Analyzing VHDL file "C:/Users/kilvl/Vivado/CPE233/MCU_top/MCU_top.srcs/sources_1/new/control_unit.vhd" into library xil_defaultlib
INFO: [VRFC 10-307] analyzing entity control_unit
INFO: [VRFC 10-163] Analyzing VHDL file "C:/Users/kilvl/Vivado/CPE233/MCU_top/MCU_top.srcs/sources_1/imports/new/ALU.vhd" into library xil_defaultlib
INFO: [VRFC 10-307] analyzing entity ALU
INFO: [VRFC 10-163] Analyzing VHDL file "C:/Users/kilvl/Vivado/CPE233/MCU_top/MCU_top.srcs/sources_1/new/rat_cpu.vhd" into library xil_defaultlib
INFO: [VRFC 10-307] analyzing entity rat_cpu
INFO: [VRFC 10-163] Analyzing VHDL file "C:/Users/kilvl/Vivado/CPE233/MCU_top/MCU_top.srcs/sources_1/new/rat_wrapper.vhd" into library xil_defaultlib
INFO: [VRFC 10-307] analyzing entity RAT_wrapper
INFO: [VRFC 10-163] Analyzing VHDL file "C:/Users/kilvl/Vivado/CPE233/MCU_top/MCU_top.srcs/sim_1/new/mcu_sim.vhd" into library xil_defaultlib
INFO: [VRFC 10-307] analyzing entity mcu_sim
