Unable to capture context for thread 7620 in process 12248, can not generate back trace
Unable to capture context for thread 12144 in process 12248, can not generate back trace
Unable to capture context for thread 9764 in process 12248, can not generate back trace
Exception at PC 0x00007FFC77817788
Unable to capture context for thread 7068 in process 12248, can not generate back trace
Unable to capture context for thread 6376 in process 12248, can not generate back trace
Exception at PC 0x00007FFC77817788
Unable to capture context for thread 9372 in process 12248, can not generate back trace
Exception at PC 0x00007FFC77817788
Unable to capture context for thread 7704 in process 12248, can not generate back trace
Exception at PC 0x00007FFC77817788
Unable to capture context for thread 7704 in process 12248, can not generate back trace
Exception at PC 0x00007FFC1560BB93
Printing stacktrace...

Exception at PC 0x00007FFC77817788
Exception at PC 0x00007FFC77817788
Exception at PC 0x00007FFC77817788
Exception at PC 0x00007FFC77817788
Exception at PC 0x00007FFC77817788
Exception at PC 0x00007FFC77817788
Exception at PC 0x00007FFC77817788
Exception at PC 0x00007FFC77817788
Exception at PC 0x00007FFC77817788
Exception at PC 0x00007FFC77817788
Exception at PC 0x00007FFC77817788
Exception at PC 0x00007FFC77817788
Exception at PC 0x00007FFC77817788
Exception at PC 0x00007FFC77817788
[0]  [0x00007FFC1560BB93]
[1]  [0x00007FFC1560BB93]
[2]  [0x00007FFC1560B4A1]
[3]  [0x00007FFC1560B3EF]
[4]  [0x00007FFC155F19FE]
[5]  [0x00007FFC155F0ED1]
[6]  [0x00007FFC155F0D76]
[7]  [0x00007FFC155979F6]
[8]  [0x00007FFC15587AFB]
[9]  [0x00007FFC156AE90A]
[10]  [0x00007FFC156C9F87]
[11]  [0x00007FFC156CA05F]
[12] (BaseThreadInitThunk+0x14) [0x00007FFC787F8364]
[13] (RtlUserThreadStart+0x21) [0x00007FFC7AFF70D1]
Done
