Exception at PC 0x00007FFA3FDA7788
Exception at PC 0x00007FFA3FDA7788
Unable to capture context for thread 5152 in process 828, can not generate back trace
Unable to capture context for thread 9852 in process 828, can not generate back trace
Unable to capture context for thread 1236 in process 828, can not generate back trace
Unable to capture context for thread 7552 in process 828, can not generate back trace
Exception at PC 0x00007FFA3FDA7788
Unable to capture context for thread 5152 in process 828, can not generate back trace
Unable to capture context for thread 1236 in process 828, can not generate back trace
Unable to capture context for thread 7552 in process 828, can not generate back trace
Exception at PC 0x00007FF9D88EBB93
Printing stacktrace...

Exception at PC 0x00007FFA3FDA7788
Exception at PC 0x00007FFA3FDA7788
Exception at PC 0x00007FFA3FDA7788
Exception at PC 0x00007FFA3FDA7788
Exception at PC 0x00007FFA3FDA7788
Exception at PC 0x00007FFA3FDA7788
Exception at PC 0x00007FFA3FDA7788
Exception at PC 0x00007FFA3FDA7788
Exception at PC 0x00007FFA3FDA7788
Exception at PC 0x00007FFA3FDA7788
Exception at PC 0x00007FFA3FDA7788
Exception at PC 0x00007FFA3FDA7788
Exception at PC 0x00007FFA3FDA7788
Exception at PC 0x00007FFA3FDA7788
Exception at PC 0x00007FFA3FDA7788
[0]  [0x00007FF9D88EBB93]
[1]  [0x00007FF9D88EBB93]
[2]  [0x00007FF9D88EB4A1]
[3]  [0x00007FF9D88EB3EF]
[4]  [0x00007FF9D88D19FE]
[5]  [0x00007FF9D88D0ED1]
[6]  [0x00007FF9D88D0D76]
[7]  [0x00007FF9D88779F6]
[8]  [0x00007FF9D8867AFB]
[9]  [0x00007FF9D898E90A]
[10]  [0x00007FF9D89A9F87]
[11]  [0x00007FF9D89AA05F]
[12] (BaseThreadInitThunk+0x14) [0x00007FFA41D58364]
[13] (RtlUserThreadStart+0x21) [0x00007FFA435570D1]
Done
