#-----------------------------------------------------------
# Vivado v2016.2 (64-bit)
# SW Build 1577090 on Thu Jun  2 16:32:40 MDT 2016
# IP Build 1577682 on Fri Jun  3 12:00:54 MDT 2016
# Start of session at: Tue Feb 21 00:16:47 2017
# Process ID: 11740
# Current directory: C:/Users/kilvl/Vivado/CPE233/stack_pointer
# Command line: vivado.exe -gui_launcher_event rodinguilauncherevent10720 C:\Users\kilvl\Vivado\CPE233\stack_pointer\stack_pointer.xpr
# Log file: C:/Users/kilvl/Vivado/CPE233/stack_pointer/vivado.log
# Journal file: C:/Users/kilvl/Vivado/CPE233/stack_pointer\vivado.jou
#-----------------------------------------------------------
start_gui
open_project C:/Users/kilvl/Vivado/CPE233/stack_pointer/stack_pointer.xpr
Scanning sources...
Finished scanning sources
INFO: [IP_Flow 19-234] Refreshing IP repositories
INFO: [IP_Flow 19-1704] No user IP repositories specified
INFO: [IP_Flow 19-2313] Loaded Vivado IP repository 'C:/Downloads/Xilinx/Vivado/2016.2/data/ip'.
open_project: Time (s): cpu = 00:00:13 ; elapsed = 00:00:05 . Memory (MB): peak = 778.508 ; gain = 170.168
update_compile_order -fileset sources_1
exit
INFO: [Common 17-206] Exiting Vivado at Tue Feb 21 00:17:14 2017...
